<?xml version="1.0" encoding="UTF-8"?>
<!-- Generated by org.testng.reporters.JUnitReportReporter -->
<testsuite skipped="0" hostname="logesh" name="day6.PropertyExample" tests="1" failures="0" timestamp="2021-09-16T10:15:18 IST" time="0.008" errors="0">
  <testcase name="readproperty" time="0.008" classname="day6.PropertyExample"/>
  <system-out/>
</testsuite> <!-- day6.PropertyExample -->
