<?xml version="1.0" encoding="UTF-8"?>
<!-- Generated by org.testng.reporters.JUnitReportReporter -->
<testsuite skipped="0" hostname="logesh" name="day6.Runner" tests="1" failures="0" timestamp="2021-09-16T16:13:05 IST" time="9.335" errors="0">
  <testcase name="f" time="9.335" classname="day6.Runner"/>
  <system-out/>
</testsuite> <!-- day6.Runner -->
