<?xml version="1.0" encoding="UTF-8"?>
<!-- Generated by org.testng.reporters.JUnitReportReporter -->
<testsuite skipped="0" hostname="logesh" name="day5.POMrunner" tests="3" failures="0" timestamp="2021-09-15T14:58:39 IST" time="8.379" errors="0">
  <testcase name="forgetpagetest" time="4.160" classname="day5.POMrunner"/>
  <system-out/>
  <testcase name="cancelbuttontest" time="0.385" classname="day5.POMrunner"/>
  <system-out/>
  <testcase name="logintest" time="3.834" classname="day5.POMrunner"/>
  <system-out/>
</testsuite> <!-- day5.POMrunner -->
