<?xml version="1.0" encoding="UTF-8"?>
<!-- Generated by org.testng.reporters.JUnitReportReporter -->
<testsuite skipped="0" hostname="logesh" name="day5_factory.FactoryRunner" tests="3" failures="0" timestamp="2021-09-16T09:36:28 IST" time="9.679" errors="0">
  <testcase name="cancelbuttontest" time="0.434" classname="day5_factory.FactoryRunner"/>
  <system-out/>
  <testcase name="logintest" time="5.243" classname="day5_factory.FactoryRunner"/>
  <system-out/>
  <testcase name="forgetlinktest" time="4.002" classname="day5_factory.FactoryRunner"/>
  <system-out/>
</testsuite> <!-- day5_factory.FactoryRunner -->
