<?xml version="1.0" encoding="UTF-8"?>
<!-- Generated by org.testng.reporters.JUnitReportReporter -->
<testsuite skipped="0" hostname="logesh" name="day6.Keyrunner" tests="6" failures="0" timestamp="2021-09-16T16:25:45 IST" time="2.587" errors="0">
  <testcase name="excelKeyrunner" time="0.131" classname="day6.Keyrunner"/>
  <system-out/>
  <testcase name="excelKeyrunner" time="1.611" classname="day6.Keyrunner"/>
  <system-out/>
  <testcase name="excelKeyrunner" time="0.610" classname="day6.Keyrunner"/>
  <system-out/>
  <testcase name="excelKeyrunner" time="0.001" classname="day6.Keyrunner"/>
  <system-out/>
  <testcase name="excelKeyrunner" time="0.127" classname="day6.Keyrunner"/>
  <system-out/>
  <testcase name="excelKeyrunner" time="0.107" classname="day6.Keyrunner"/>
  <system-out/>
</testsuite> <!-- day6.Keyrunner -->
