<?xml version="1.0" encoding="UTF-8"?>
<!-- Generated by org.testng.reporters.JUnitReportReporter -->
<testsuite skipped="0" hostname="logesh" name="day6.LinkImageTesting" tests="1" failures="0" timestamp="2021-09-16T12:02:20 IST" time="5.893" errors="0">
  <testcase name="linktest" time="5.893" classname="day6.LinkImageTesting"/>
  <system-out/>
</testsuite> <!-- day6.LinkImageTesting -->
